<?xml version="1.0" encoding="UTF-8"?>
<!-- Generated by org.testng.reporters.JUnitReportReporter -->
<testsuite hostname="BGC-VDIIFS7X148" name="MainClass.Main" tests="3" failures="0" timestamp="5 Sep 2017 10:13:03 GMT" time="45.355" errors="0">
  <testcase name="UTAC_UNI_SubmitValidation" time="17.228" classname="MainClass.Main"/>
  <testcase name="ServiceId_SubmitValidation" time="17.951" classname="MainClass.Main"/>
  <testcase name="ServiceID_InValidInput_Validation" time="10.176" classname="MainClass.Main"/>
</testsuite> <!-- MainClass.Main -->
