<?xml version="1.0" encoding="UTF-8"?>
<!-- Generated by org.testng.reporters.JUnitReportReporter -->
<testsuite hostname="BGC-VDIIFS7X148" name="reusabletest.PreCheckByServiceID" tests="1" failures="0" timestamp="16 Oct 2017 13:55:04 GMT" time="13.062" errors="0">
  <testcase name="test" time="13.062" classname="reusabletest.PreCheckByServiceID"/>
</testsuite> <!-- reusabletest.PreCheckByServiceID -->
